<?xml version="1.0" encoding="UTF-8"?>
<testsuite name="org.example.string.CountingDuplicatesTest" tests="8" skipped="0" failures="0" errors="0" timestamp="2023-11-20T19:35:49" hostname="DENISCOMP" time="0.032">
  <properties/>
  <testcase name="abcdeaReturnsOne()" classname="org.example.string.CountingDuplicatesTest" time="0.016"/>
  <testcase name="aabBcde()" classname="org.example.string.CountingDuplicatesTest" time="0.0"/>
  <testcase name="abbbaac()" classname="org.example.string.CountingDuplicatesTest" time="0.0"/>
  <testcase name="reallyLongStringContainingDuplicatesReturnsThree()" classname="org.example.string.CountingDuplicatesTest" time="0.009"/>
  <testcase name="ABBA()" classname="org.example.string.CountingDuplicatesTest" time="0.001"/>
  <testcase name="aA11()" classname="org.example.string.CountingDuplicatesTest" time="0.0"/>
  <testcase name="indivisibilityReturnsOne()" classname="org.example.string.CountingDuplicatesTest" time="0.0"/>
  <testcase name="abcdeReturnsZero()" classname="org.example.string.CountingDuplicatesTest" time="0.0"/>
  <system-out><![CDATA[]]></system-out>
  <system-err><![CDATA[]]></system-err>
</testsuite>
